<?xml version="1.0" encoding="UTF-8"?>
<!-- Generated by org.testng.reporters.JUnitReportReporter -->
<testsuite skipped="0" hostname="Harshit" name="com.cjc.webapp.mercury.Test.MercuryTest" tests="3" failures="0" timestamp="2024-05-05T01:36:47 IST" time="35.682" errors="0">
  <testcase name="mercuryRegister" time="15.529" classname="com.cjc.webapp.mercury.Test.MercuryTest"/>
  <system-out/>
  <testcase name="mercuryLogin" time="4.999" classname="com.cjc.webapp.mercury.Test.MercuryTest"/>
  <system-out/>
  <testcase name="filghtbooking" time="15.154" classname="com.cjc.webapp.mercury.Test.MercuryTest"/>
  <system-out/>
</testsuite> <!-- com.cjc.webapp.mercury.Test.MercuryTest -->
